android/app/build/intermediates/manifest_merge_blame_file/release/processReleaseMainManifest/manifest-merger-blame-release-report.txt
1<?xml version="1.0" encoding="utf-8"?>
2<manifest xmlns:android="http://schemas.android.com/apk/res/android"
3    package="com.binkscrew"
4    android:versionCode="6"
5    android:versionName="0.1.5" >
6
7    <uses-sdk
8        android:minSdkVersion="24"
9        android:targetSdkVersion="36" />
10
11    <uses-permission android:name="android.permission.USE_BIOMETRIC" />
11-->src\main\AndroidManifest.xml:2:5-71
11-->src\main\AndroidManifest.xml:2:22-69
12    <uses-permission android:name="android.permission.USE_FINGERPRINT" />
12-->src\main\AndroidManifest.xml:3:5-73
12-->src\main\AndroidManifest.xml:3:22-71
13    <!--
14         Required to query activities that can process text, see:
15         https://developer.android.com/training/package-visibility and
16         https://developer.android.com/reference/android/content/Intent#ACTION_PROCESS_TEXT.
17
18         In particular, this is used by the Flutter engine in io.flutter.plugin.text.ProcessTextPlugin.
19    -->
20    <queries>
20-->src\main\AndroidManifest.xml:41:5-46:15
21        <intent>
21-->src\main\AndroidManifest.xml:42:9-45:18
22            <action android:name="android.intent.action.PROCESS_TEXT" />
22-->src\main\AndroidManifest.xml:43:13-72
22-->src\main\AndroidManifest.xml:43:21-70
23
24            <data android:mimeType="text/plain" />
24-->src\main\AndroidManifest.xml:44:13-50
24-->src\main\AndroidManifest.xml:44:19-48
25        </intent>
26    </queries>
27
28    <uses-permission android:name="android.permission.ACCESS_NETWORK_STATE" />
28-->[androidx.media3:media3-common:1.5.1] AndroidManifest.xml:22:5-79
28-->[androidx.media3:media3-common:1.5.1] AndroidManifest.xml:22:22-76
29
30    <permission
30-->[androidx.core:core:1.13.1] AndroidManifest.xml:22:5-24:47
31        android:name="com.binkscrew.DYNAMIC_RECEIVER_NOT_EXPORTED_PERMISSION"
31-->[androidx.core:core:1.13.1] AndroidManifest.xml:23:9-81
32        android:protectionLevel="signature" />
32-->[androidx.core:core:1.13.1] AndroidManifest.xml:24:9-44
33
34    <uses-permission android:name="com.binkscrew.DYNAMIC_RECEIVER_NOT_EXPORTED_PERMISSION" />
34-->[androidx.core:core:1.13.1] AndroidManifest.xml:26:5-97
34-->[androidx.core:core:1.13.1] AndroidManifest.xml:26:22-94
35
36    <application
37        android:name="android.app.Application"
37-->src\main\AndroidManifest.xml:6:9-42
38        android:appComponentFactory="androidx.core.app.CoreComponentFactory"
38-->[androidx.core:core:1.13.1] AndroidManifest.xml:28:18-86
39        android:extractNativeLibs="false"
40        android:icon="@mipmap/ic_launcher"
40-->src\main\AndroidManifest.xml:7:9-43
41        android:label="Binkscrew" >
41-->src\main\AndroidManifest.xml:5:9-34
42        <activity
42-->src\main\AndroidManifest.xml:8:9-29:20
43            android:name="com.binkscrew.MainActivity"
43-->src\main\AndroidManifest.xml:9:13-41
44            android:configChanges="orientation|keyboardHidden|keyboard|screenSize|smallestScreenSize|locale|layoutDirection|fontScale|screenLayout|density|uiMode"
44-->src\main\AndroidManifest.xml:14:13-163
45            android:exported="true"
45-->src\main\AndroidManifest.xml:10:13-36
46            android:hardwareAccelerated="true"
46-->src\main\AndroidManifest.xml:15:13-47
47            android:launchMode="singleTop"
47-->src\main\AndroidManifest.xml:11:13-43
48            android:taskAffinity=""
48-->src\main\AndroidManifest.xml:12:13-36
49            android:theme="@style/LaunchTheme"
49-->src\main\AndroidManifest.xml:13:13-47
50            android:windowSoftInputMode="adjustResize" >
50-->src\main\AndroidManifest.xml:16:13-55
51
52            <!--
53                 Specifies an Android theme to apply to this Activity as soon as
54                 the Android process has started. This theme is visible to the user
55                 while the Flutter UI initializes. After that, this theme continues
56                 to determine the Window background behind the Flutter UI.
57            -->
58            <meta-data
58-->src\main\AndroidManifest.xml:21:13-24:17
59                android:name="io.flutter.embedding.android.NormalTheme"
59-->src\main\AndroidManifest.xml:22:15-70
60                android:resource="@style/NormalTheme" />
60-->src\main\AndroidManifest.xml:23:15-52
61
62            <intent-filter>
62-->src\main\AndroidManifest.xml:25:13-28:29
63                <action android:name="android.intent.action.MAIN" />
63-->src\main\AndroidManifest.xml:26:17-68
63-->src\main\AndroidManifest.xml:26:25-66
64
65                <category android:name="android.intent.category.LAUNCHER" />
65-->src\main\AndroidManifest.xml:27:17-76
65-->src\main\AndroidManifest.xml:27:27-74
66            </intent-filter>
67        </activity>
68        <!--
69             Don't delete the meta-data below.
70             This is used by the Flutter tool to generate GeneratedPluginRegistrant.java
71        -->
72        <meta-data
72-->src\main\AndroidManifest.xml:32:9-34:33
73            android:name="flutterEmbedding"
73-->src\main\AndroidManifest.xml:33:13-44
74            android:value="2" />
74-->src\main\AndroidManifest.xml:34:13-30
75        <!--
76           Declares a provider which allows us to store files to share in
77           '.../caches/share_plus' and grant the receiving action access
78        -->
79        <provider
79-->[:share_plus] AndroidManifest.xml:13:9-21:20
80            android:name="dev.fluttercommunity.plus.share.ShareFileProvider"
80-->[:share_plus] AndroidManifest.xml:14:13-77
81            android:authorities="com.binkscrew.flutter.share_provider"
81-->[:share_plus] AndroidManifest.xml:15:13-74
82            android:exported="false"
82-->[:share_plus] AndroidManifest.xml:16:13-37
83            android:grantUriPermissions="true" >
83-->[:share_plus] AndroidManifest.xml:17:13-47
84            <meta-data
84-->[:share_plus] AndroidManifest.xml:18:13-20:68
85                android:name="android.support.FILE_PROVIDER_PATHS"
85-->[:share_plus] AndroidManifest.xml:19:17-67
86                android:resource="@xml/flutter_share_file_paths" />
86-->[:share_plus] AndroidManifest.xml:20:17-65
87        </provider>
88        <!--
89           This manifest declared broadcast receiver allows us to use an explicit
90           Intent when creating a PendingItent to be informed of the user's choice
91        -->
92        <receiver
92-->[:share_plus] AndroidManifest.xml:26:9-32:20
93            android:name="dev.fluttercommunity.plus.share.SharePlusPendingIntent"
93-->[:share_plus] AndroidManifest.xml:27:13-82
94            android:exported="false" >
94-->[:share_plus] AndroidManifest.xml:28:13-37
95            <intent-filter>
95-->[:share_plus] AndroidManifest.xml:29:13-31:29
96                <action android:name="EXTRA_CHOSEN_COMPONENT" />
96-->[:share_plus] AndroidManifest.xml:30:17-65
96-->[:share_plus] AndroidManifest.xml:30:25-62
97            </intent-filter>
98        </receiver>
99
100        <provider
100-->[:image_picker_android] AndroidManifest.xml:9:9-17:20
101            android:name="io.flutter.plugins.imagepicker.ImagePickerFileProvider"
101-->[:image_picker_android] AndroidManifest.xml:10:13-82
102            android:authorities="com.binkscrew.flutter.image_provider"
102-->[:image_picker_android] AndroidManifest.xml:11:13-74
103            android:exported="false"
103-->[:image_picker_android] AndroidManifest.xml:12:13-37
104            android:grantUriPermissions="true" >
104-->[:image_picker_android] AndroidManifest.xml:13:13-47
105            <meta-data
105-->[:share_plus] AndroidManifest.xml:18:13-20:68
106                android:name="android.support.FILE_PROVIDER_PATHS"
106-->[:share_plus] AndroidManifest.xml:19:17-67
107                android:resource="@xml/flutter_image_picker_file_paths" />
107-->[:share_plus] AndroidManifest.xml:20:17-65
108        </provider> <!-- Trigger Google Play services to install the backported photo picker module. -->
109        <service
109-->[:image_picker_android] AndroidManifest.xml:19:9-31:19
110            android:name="com.google.android.gms.metadata.ModuleDependencies"
110-->[:image_picker_android] AndroidManifest.xml:20:13-78
111            android:enabled="false"
111-->[:image_picker_android] AndroidManifest.xml:21:13-36
112            android:exported="false" >
112-->[:image_picker_android] AndroidManifest.xml:22:13-37
113            <intent-filter>
113-->[:image_picker_android] AndroidManifest.xml:24:13-26:29
114                <action android:name="com.google.android.gms.metadata.MODULE_DEPENDENCIES" />
114-->[:image_picker_android] AndroidManifest.xml:25:17-94
114-->[:image_picker_android] AndroidManifest.xml:25:25-91
115            </intent-filter>
116
117            <meta-data
117-->[:image_picker_android] AndroidManifest.xml:28:13-30:36
118                android:name="photopicker_activity:0:required"
118-->[:image_picker_android] AndroidManifest.xml:29:17-63
119                android:value="" />
119-->[:image_picker_android] AndroidManifest.xml:30:17-33
120        </service>
121
122        <uses-library
122-->[androidx.window:window:1.2.0] AndroidManifest.xml:23:9-25:40
123            android:name="androidx.window.extensions"
123-->[androidx.window:window:1.2.0] AndroidManifest.xml:24:13-54
124            android:required="false" />
124-->[androidx.window:window:1.2.0] AndroidManifest.xml:25:13-37
125        <uses-library
125-->[androidx.window:window:1.2.0] AndroidManifest.xml:26:9-28:40
126            android:name="androidx.window.sidecar"
126-->[androidx.window:window:1.2.0] AndroidManifest.xml:27:13-51
127            android:required="false" />
127-->[androidx.window:window:1.2.0] AndroidManifest.xml:28:13-37
128
129        <provider
129-->[androidx.lifecycle:lifecycle-process:2.7.0] AndroidManifest.xml:24:9-32:20
130            android:name="androidx.startup.InitializationProvider"
130-->[androidx.lifecycle:lifecycle-process:2.7.0] AndroidManifest.xml:25:13-67
131            android:authorities="com.binkscrew.androidx-startup"
131-->[androidx.lifecycle:lifecycle-process:2.7.0] AndroidManifest.xml:26:13-68
132            android:exported="false" >
132-->[androidx.lifecycle:lifecycle-process:2.7.0] AndroidManifest.xml:27:13-37
133            <meta-data
133-->[androidx.lifecycle:lifecycle-process:2.7.0] AndroidManifest.xml:29:13-31:52
134                android:name="androidx.lifecycle.ProcessLifecycleInitializer"
134-->[androidx.lifecycle:lifecycle-process:2.7.0] AndroidManifest.xml:30:17-78
135                android:value="androidx.startup" />
135-->[androidx.lifecycle:lifecycle-process:2.7.0] AndroidManifest.xml:31:17-49
136            <meta-data
136-->[androidx.profileinstaller:profileinstaller:1.4.0] AndroidManifest.xml:29:13-31:52
137                android:name="androidx.profileinstaller.ProfileInstallerInitializer"
137-->[androidx.profileinstaller:profileinstaller:1.4.0] AndroidManifest.xml:30:17-85
138                android:value="androidx.startup" />
138-->[androidx.profileinstaller:profileinstaller:1.4.0] AndroidManifest.xml:31:17-49
139        </provider>
140
141        <receiver
141-->[androidx.profileinstaller:profileinstaller:1.4.0] AndroidManifest.xml:34:9-52:20
142            android:name="androidx.profileinstaller.ProfileInstallReceiver"
142-->[androidx.profileinstaller:profileinstaller:1.4.0] AndroidManifest.xml:35:13-76
143            android:directBootAware="false"
143-->[androidx.profileinstaller:profileinstaller:1.4.0] AndroidManifest.xml:36:13-44
144            android:enabled="true"
144-->[androidx.profileinstaller:profileinstaller:1.4.0] AndroidManifest.xml:37:13-35
145            android:exported="true"
145-->[androidx.profileinstaller:profileinstaller:1.4.0] AndroidManifest.xml:38:13-36
146            android:permission="android.permission.DUMP" >
146-->[androidx.profileinstaller:profileinstaller:1.4.0] AndroidManifest.xml:39:13-57
147            <intent-filter>
147-->[androidx.profileinstaller:profileinstaller:1.4.0] AndroidManifest.xml:40:13-42:29
148                <action android:name="androidx.profileinstaller.action.INSTALL_PROFILE" />
148-->[androidx.profileinstaller:profileinstaller:1.4.0] AndroidManifest.xml:41:17-91
148-->[androidx.profileinstaller:profileinstaller:1.4.0] AndroidManifest.xml:41:25-88
149            </intent-filter>
150            <intent-filter>
150-->[androidx.profileinstaller:profileinstaller:1.4.0] AndroidManifest.xml:43:13-45:29
151                <action android:name="androidx.profileinstaller.action.SKIP_FILE" />
151-->[androidx.profileinstaller:profileinstaller:1.4.0] AndroidManifest.xml:44:17-85
151-->[androidx.profileinstaller:profileinstaller:1.4.0] AndroidManifest.xml:44:25-82
152            </intent-filter>
153            <intent-filter>
153-->[androidx.profileinstaller:profileinstaller:1.4.0] AndroidManifest.xml:46:13-48:29
154                <action android:name="androidx.profileinstaller.action.SAVE_PROFILE" />
154-->[androidx.profileinstaller:profileinstaller:1.4.0] AndroidManifest.xml:47:17-88
154-->[androidx.profileinstaller:profileinstaller:1.4.0] AndroidManifest.xml:47:25-85
155            </intent-filter>
156            <intent-filter>
156-->[androidx.profileinstaller:profileinstaller:1.4.0] AndroidManifest.xml:49:13-51:29
157                <action android:name="androidx.profileinstaller.action.BENCHMARK_OPERATION" />
157-->[androidx.profileinstaller:profileinstaller:1.4.0] AndroidManifest.xml:50:17-95
157-->[androidx.profileinstaller:profileinstaller:1.4.0] AndroidManifest.xml:50:25-92
158            </intent-filter>
159        </receiver>
160    </application>
161
162</manifest>